<?xml version="1.0" encoding="UTF-8"?>
<testsuite name="com.awsBoot.springboot.web.HelloControllerTest" tests="2" skipped="0" failures="0" errors="0" timestamp="2020-06-18T05:46:23" hostname="DESKTOP-RP9UV2G" time="0.205">
  <properties/>
  <testcase name="hello가_리턴된다" classname="com.awsBoot.springboot.web.HelloControllerTest" time="0.089"/>
  <testcase name="helloDto가_리턴된다" classname="com.awsBoot.springboot.web.HelloControllerTest" time="0.115"/>
  <system-out><![CDATA[2020-06-18 14:46:22.141  INFO 8768 --- [    Test worker] .b.t.a.w.s.WebMvcTestContextBootstrapper : Neither @ContextConfiguration nor @ContextHierarchy found for test class [com.awsBoot.springboot.web.HelloControllerTest], using SpringBootContextLoader
2020-06-18 14:46:22.143  INFO 8768 --- [    Test worker] o.s.t.c.support.AbstractContextLoader    : Could not detect default resource locations for test class [com.awsBoot.springboot.web.HelloControllerTest]: no resource found for suffixes {-context.xml, Context.groovy}.
2020-06-18 14:46:22.144  INFO 8768 --- [    Test worker] t.c.s.AnnotationConfigContextLoaderUtils : Could not detect default configuration classes for test class [com.awsBoot.springboot.web.HelloControllerTest]: HelloControllerTest does not declare any static, non-private, non-final, nested classes annotated with @Configuration.
2020-06-18 14:46:22.177  INFO 8768 --- [    Test worker] .b.t.c.SpringBootTestContextBootstrapper : Found @SpringBootConfiguration com.awsBoot.springboot.Application for test class com.awsBoot.springboot.web.HelloControllerTest
2020-06-18 14:46:22.178  INFO 8768 --- [    Test worker] .b.t.a.w.s.WebMvcTestContextBootstrapper : Loaded default TestExecutionListener class names from location [META-INF/spring.factories]: [org.springframework.security.test.context.support.WithSecurityContextTestExecutionListener, org.springframework.security.test.context.support.ReactorContextTestExecutionListener, org.springframework.boot.test.autoconfigure.restdocs.RestDocsTestExecutionListener, org.springframework.boot.test.autoconfigure.web.client.MockRestServiceServerResetTestExecutionListener, org.springframework.boot.test.autoconfigure.web.servlet.MockMvcPrintOnlyOnFailureTestExecutionListener, org.springframework.boot.test.autoconfigure.web.servlet.WebDriverTestExecutionListener, org.springframework.boot.test.mock.mockito.MockitoTestExecutionListener, org.springframework.boot.test.mock.mockito.ResetMocksTestExecutionListener, org.springframework.test.context.web.ServletTestExecutionListener, org.springframework.test.context.support.DirtiesContextBeforeModesTestExecutionListener, org.springframework.test.context.support.DependencyInjectionTestExecutionListener, org.springframework.test.context.support.DirtiesContextTestExecutionListener, org.springframework.test.context.transaction.TransactionalTestExecutionListener, org.springframework.test.context.jdbc.SqlScriptsTestExecutionListener]
2020-06-18 14:46:22.180  INFO 8768 --- [    Test worker] .b.t.a.w.s.WebMvcTestContextBootstrapper : Using TestExecutionListeners: [org.springframework.test.context.web.ServletTestExecutionListener@4c2b1b48, org.springframework.test.context.support.DirtiesContextBeforeModesTestExecutionListener@125e4f83, org.springframework.boot.test.mock.mockito.MockitoTestExecutionListener@273bd77c, org.springframework.boot.test.autoconfigure.SpringBootDependencyInjectionTestExecutionListener@558ecb08, org.springframework.test.context.support.DirtiesContextTestExecutionListener@41eb7baa, org.springframework.test.context.transaction.TransactionalTestExecutionListener@21a90643, org.springframework.test.context.jdbc.SqlScriptsTestExecutionListener@58d0b53d, org.springframework.security.test.context.support.WithSecurityContextTestExecutionListener@7ba5f3a4, org.springframework.security.test.context.support.ReactorContextTestExecutionListener@6189e151, org.springframework.boot.test.autoconfigure.restdocs.RestDocsTestExecutionListener@87b683d, org.springframework.boot.test.autoconfigure.web.client.MockRestServiceServerResetTestExecutionListener@555f4d52, org.springframework.boot.test.autoconfigure.web.servlet.MockMvcPrintOnlyOnFailureTestExecutionListener@133ac8e, org.springframework.boot.test.autoconfigure.web.servlet.WebDriverTestExecutionListener@2f9e4690, org.springframework.boot.test.mock.mockito.ResetMocksTestExecutionListener@7c77f9de]

  .   ____          _            __ _ _
 /\\ / ___'_ __ _ _(_)_ __  __ _ \ \ \ \
( ( )\___ | '_ | '_| | '_ \/ _` | \ \ \ \
 \\/  ___)| |_)| | | | | || (_| |  ) ) ) )
  '  |____| .__|_| |_|_| |_\__, | / / / /
 =========|_|==============|___/=/_/_/_/
 :: Spring Boot ::        (v2.1.9.RELEASE)

2020-06-18 14:46:22.226  INFO 8768 --- [    Test worker] c.a.springboot.web.HelloControllerTest   : Starting HelloControllerTest on DESKTOP-RP9UV2G with PID 8768 (started by heung in D:\boot_aws_work\aws-sprintboot-prj)
2020-06-18 14:46:22.229  INFO 8768 --- [    Test worker] c.a.springboot.web.HelloControllerTest   : No active profile set, falling back to default profiles: default
2020-06-18 14:46:22.768  INFO 8768 --- [    Test worker] o.s.s.concurrent.ThreadPoolTaskExecutor  : Initializing ExecutorService 'applicationTaskExecutor'
2020-06-18 14:46:22.810  INFO 8768 --- [    Test worker] o.s.b.a.w.s.WelcomePageHandlerMapping    : Adding welcome page template: index
2020-06-18 14:46:23.051  INFO 8768 --- [    Test worker] .s.s.UserDetailsServiceAutoConfiguration : 

Using generated security password: a6604acb-1a1d-45f2-a097-c5d4a43568fa

2020-06-18 14:46:23.194  INFO 8768 --- [    Test worker] o.s.s.web.DefaultSecurityFilterChain     : Creating filter chain: any request, [org.springframework.security.web.context.request.async.WebAsyncManagerIntegrationFilter@4b554039, org.springframework.security.web.context.SecurityContextPersistenceFilter@31a443b8, org.springframework.security.web.header.HeaderWriterFilter@57fd9d5e, org.springframework.security.web.csrf.CsrfFilter@6302507b, org.springframework.security.web.authentication.logout.LogoutFilter@79deeeaf, org.springframework.security.web.authentication.UsernamePasswordAuthenticationFilter@67887fce, org.springframework.security.web.authentication.ui.DefaultLoginPageGeneratingFilter@32129d85, org.springframework.security.web.authentication.ui.DefaultLogoutPageGeneratingFilter@67a26228, org.springframework.security.web.authentication.www.BasicAuthenticationFilter@71cd5bf9, org.springframework.security.web.savedrequest.RequestCacheAwareFilter@430b819f, org.springframework.security.web.servletapi.SecurityContextHolderAwareRequestFilter@78a7e3cd, org.springframework.security.web.authentication.AnonymousAuthenticationFilter@7cabffb6, org.springframework.security.web.session.SessionManagementFilter@268d9e52, org.springframework.security.web.access.ExceptionTranslationFilter@7c11c98a, org.springframework.security.web.access.intercept.FilterSecurityInterceptor@db1b756]
2020-06-18 14:46:23.232  INFO 8768 --- [    Test worker] o.s.b.t.m.w.SpringBootMockServletContext : Initializing Spring TestDispatcherServlet ''
2020-06-18 14:46:23.232  INFO 8768 --- [    Test worker] o.s.t.web.servlet.TestDispatcherServlet  : Initializing Servlet ''
2020-06-18 14:46:23.247  INFO 8768 --- [    Test worker] o.s.t.web.servlet.TestDispatcherServlet  : Completed initialization in 14 ms
2020-06-18 14:46:23.278  INFO 8768 --- [    Test worker] c.a.springboot.web.HelloControllerTest   : Started HelloControllerTest in 1.094 seconds (JVM running for 10.646)
]]></system-out>
  <system-err><![CDATA[]]></system-err>
</testsuite>
