<?xml version="1.0" encoding="UTF-8"?>
<testsuite name="com.awsBoot.springboot.web.PostsApiControllerTest" tests="2" skipped="0" failures="0" errors="0" timestamp="2020-06-18T05:46:26" hostname="DESKTOP-RP9UV2G" time="0.122">
  <properties/>
  <testcase name="Posts_등록된다" classname="com.awsBoot.springboot.web.PostsApiControllerTest" time="0.084"/>
  <testcase name="Posts_수정된다" classname="com.awsBoot.springboot.web.PostsApiControllerTest" time="0.037"/>
  <system-out><![CDATA[2020-06-18 14:46:26.298  INFO 8768 --- [    Test worker] .b.t.c.SpringBootTestContextBootstrapper : Neither @ContextConfiguration nor @ContextHierarchy found for test class [com.awsBoot.springboot.web.PostsApiControllerTest], using SpringBootContextLoader
2020-06-18 14:46:26.299  INFO 8768 --- [    Test worker] o.s.t.c.support.AbstractContextLoader    : Could not detect default resource locations for test class [com.awsBoot.springboot.web.PostsApiControllerTest]: no resource found for suffixes {-context.xml, Context.groovy}.
2020-06-18 14:46:26.300  INFO 8768 --- [    Test worker] t.c.s.AnnotationConfigContextLoaderUtils : Could not detect default configuration classes for test class [com.awsBoot.springboot.web.PostsApiControllerTest]: PostsApiControllerTest does not declare any static, non-private, non-final, nested classes annotated with @Configuration.
2020-06-18 14:46:26.302  INFO 8768 --- [    Test worker] .b.t.c.SpringBootTestContextBootstrapper : Found @SpringBootConfiguration com.awsBoot.springboot.Application for test class com.awsBoot.springboot.web.PostsApiControllerTest
2020-06-18 14:46:26.303  INFO 8768 --- [    Test worker] .b.t.c.SpringBootTestContextBootstrapper : Loaded default TestExecutionListener class names from location [META-INF/spring.factories]: [org.springframework.security.test.context.support.WithSecurityContextTestExecutionListener, org.springframework.security.test.context.support.ReactorContextTestExecutionListener, org.springframework.boot.test.autoconfigure.restdocs.RestDocsTestExecutionListener, org.springframework.boot.test.autoconfigure.web.client.MockRestServiceServerResetTestExecutionListener, org.springframework.boot.test.autoconfigure.web.servlet.MockMvcPrintOnlyOnFailureTestExecutionListener, org.springframework.boot.test.autoconfigure.web.servlet.WebDriverTestExecutionListener, org.springframework.boot.test.mock.mockito.MockitoTestExecutionListener, org.springframework.boot.test.mock.mockito.ResetMocksTestExecutionListener, org.springframework.test.context.web.ServletTestExecutionListener, org.springframework.test.context.support.DirtiesContextBeforeModesTestExecutionListener, org.springframework.test.context.support.DependencyInjectionTestExecutionListener, org.springframework.test.context.support.DirtiesContextTestExecutionListener, org.springframework.test.context.transaction.TransactionalTestExecutionListener, org.springframework.test.context.jdbc.SqlScriptsTestExecutionListener]
2020-06-18 14:46:26.305  INFO 8768 --- [    Test worker] .b.t.c.SpringBootTestContextBootstrapper : Using TestExecutionListeners: [org.springframework.test.context.web.ServletTestExecutionListener@56205904, org.springframework.test.context.support.DirtiesContextBeforeModesTestExecutionListener@5ded0d7d, org.springframework.boot.test.mock.mockito.MockitoTestExecutionListener@68e8fa3b, org.springframework.boot.test.autoconfigure.SpringBootDependencyInjectionTestExecutionListener@25ee2623, org.springframework.test.context.support.DirtiesContextTestExecutionListener@7152a3e3, org.springframework.test.context.transaction.TransactionalTestExecutionListener@4461de51, org.springframework.test.context.jdbc.SqlScriptsTestExecutionListener@6bf7cdc4, org.springframework.security.test.context.support.WithSecurityContextTestExecutionListener@3ffc31a7, org.springframework.security.test.context.support.ReactorContextTestExecutionListener@5bd5c000, org.springframework.boot.test.autoconfigure.restdocs.RestDocsTestExecutionListener@110c0e7d, org.springframework.boot.test.autoconfigure.web.client.MockRestServiceServerResetTestExecutionListener@44c07875, org.springframework.boot.test.autoconfigure.web.servlet.MockMvcPrintOnlyOnFailureTestExecutionListener@1a6f0843, org.springframework.boot.test.autoconfigure.web.servlet.WebDriverTestExecutionListener@6f4f0ece, org.springframework.boot.test.mock.mockito.ResetMocksTestExecutionListener@1e419abc]
2020-06-18 14:46:26.315  INFO 8768 --- [    Test worker] o.a.c.c.C.[Tomcat].[localhost].[/]       : Initializing Spring TestDispatcherServlet ''
2020-06-18 14:46:26.315  INFO 8768 --- [    Test worker] o.s.t.web.servlet.TestDispatcherServlet  : Initializing Servlet ''
2020-06-18 14:46:26.318  INFO 8768 --- [    Test worker] o.s.t.web.servlet.TestDispatcherServlet  : Completed initialization in 3 ms
Hibernate: insert into posts (created_date, modified_date, author, content, title) values (?, ?, ?, ?, ?)
Hibernate: select posts0_.id as id1_0_, posts0_.created_date as created_2_0_, posts0_.modified_date as modified3_0_, posts0_.author as author4_0_, posts0_.content as content5_0_, posts0_.title as title6_0_ from posts posts0_
Hibernate: select posts0_.id as id1_0_, posts0_.created_date as created_2_0_, posts0_.modified_date as modified3_0_, posts0_.author as author4_0_, posts0_.content as content5_0_, posts0_.title as title6_0_ from posts posts0_
Hibernate: delete from posts where id=?
2020-06-18 14:46:26.397  INFO 8768 --- [    Test worker] o.a.c.c.C.[Tomcat].[localhost].[/]       : Initializing Spring TestDispatcherServlet ''
2020-06-18 14:46:26.398  INFO 8768 --- [    Test worker] o.s.t.web.servlet.TestDispatcherServlet  : Initializing Servlet ''
2020-06-18 14:46:26.401  INFO 8768 --- [    Test worker] o.s.t.web.servlet.TestDispatcherServlet  : Completed initialization in 3 ms
Hibernate: insert into posts (created_date, modified_date, author, content, title) values (?, ?, ?, ?, ?)
Hibernate: select posts0_.id as id1_0_0_, posts0_.created_date as created_2_0_0_, posts0_.modified_date as modified3_0_0_, posts0_.author as author4_0_0_, posts0_.content as content5_0_0_, posts0_.title as title6_0_0_ from posts posts0_ where posts0_.id=?
Hibernate: update posts set created_date=?, modified_date=?, author=?, content=?, title=? where id=?
Hibernate: select posts0_.id as id1_0_, posts0_.created_date as created_2_0_, posts0_.modified_date as modified3_0_, posts0_.author as author4_0_, posts0_.content as content5_0_, posts0_.title as title6_0_ from posts posts0_
Hibernate: select posts0_.id as id1_0_, posts0_.created_date as created_2_0_, posts0_.modified_date as modified3_0_, posts0_.author as author4_0_, posts0_.content as content5_0_, posts0_.title as title6_0_ from posts posts0_
Hibernate: delete from posts where id=?
]]></system-out>
  <system-err><![CDATA[]]></system-err>
</testsuite>
