<?xml version="1.0" encoding="UTF-8"?>
<testsuite name="com.awsBoot.springboot.web.IndexControllerTest" tests="1" skipped="0" failures="0" errors="0" timestamp="2020-06-17T07:53:54" hostname="DESKTOP-RP9UV2G" time="0.197">
  <properties/>
  <testcase name="메인페이지_로딩" classname="com.awsBoot.springboot.web.IndexControllerTest" time="0.197"/>
  <system-out><![CDATA[2020-06-17 16:53:52.029  INFO 19288 --- [    Test worker] .b.t.c.SpringBootTestContextBootstrapper : Neither @ContextConfiguration nor @ContextHierarchy found for test class [com.awsBoot.springboot.web.IndexControllerTest], using SpringBootContextLoader
2020-06-17 16:53:52.029  INFO 19288 --- [    Test worker] o.s.t.c.support.AbstractContextLoader    : Could not detect default resource locations for test class [com.awsBoot.springboot.web.IndexControllerTest]: no resource found for suffixes {-context.xml, Context.groovy}.
2020-06-17 16:53:52.030  INFO 19288 --- [    Test worker] t.c.s.AnnotationConfigContextLoaderUtils : Could not detect default configuration classes for test class [com.awsBoot.springboot.web.IndexControllerTest]: IndexControllerTest does not declare any static, non-private, non-final, nested classes annotated with @Configuration.
2020-06-17 16:53:52.032  INFO 19288 --- [    Test worker] .b.t.c.SpringBootTestContextBootstrapper : Found @SpringBootConfiguration com.awsBoot.springboot.Application for test class com.awsBoot.springboot.web.IndexControllerTest
2020-06-17 16:53:52.033  INFO 19288 --- [    Test worker] .b.t.c.SpringBootTestContextBootstrapper : Loaded default TestExecutionListener class names from location [META-INF/spring.factories]: [org.springframework.security.test.context.support.WithSecurityContextTestExecutionListener, org.springframework.security.test.context.support.ReactorContextTestExecutionListener, org.springframework.boot.test.autoconfigure.restdocs.RestDocsTestExecutionListener, org.springframework.boot.test.autoconfigure.web.client.MockRestServiceServerResetTestExecutionListener, org.springframework.boot.test.autoconfigure.web.servlet.MockMvcPrintOnlyOnFailureTestExecutionListener, org.springframework.boot.test.autoconfigure.web.servlet.WebDriverTestExecutionListener, org.springframework.boot.test.mock.mockito.MockitoTestExecutionListener, org.springframework.boot.test.mock.mockito.ResetMocksTestExecutionListener, org.springframework.test.context.web.ServletTestExecutionListener, org.springframework.test.context.support.DirtiesContextBeforeModesTestExecutionListener, org.springframework.test.context.support.DependencyInjectionTestExecutionListener, org.springframework.test.context.support.DirtiesContextTestExecutionListener, org.springframework.test.context.transaction.TransactionalTestExecutionListener, org.springframework.test.context.jdbc.SqlScriptsTestExecutionListener]
2020-06-17 16:53:52.034  INFO 19288 --- [    Test worker] .b.t.c.SpringBootTestContextBootstrapper : Using TestExecutionListeners: [org.springframework.test.context.web.ServletTestExecutionListener@44966cf4, org.springframework.test.context.support.DirtiesContextBeforeModesTestExecutionListener@7517f248, org.springframework.boot.test.mock.mockito.MockitoTestExecutionListener@327cb2bc, org.springframework.boot.test.autoconfigure.SpringBootDependencyInjectionTestExecutionListener@211fedf6, org.springframework.test.context.support.DirtiesContextTestExecutionListener@5699c4ed, org.springframework.test.context.transaction.TransactionalTestExecutionListener@1cd6e9c4, org.springframework.test.context.jdbc.SqlScriptsTestExecutionListener@4be851b0, org.springframework.security.test.context.support.WithSecurityContextTestExecutionListener@15c66566, org.springframework.security.test.context.support.ReactorContextTestExecutionListener@d60659f, org.springframework.boot.test.autoconfigure.restdocs.RestDocsTestExecutionListener@2653253e, org.springframework.boot.test.autoconfigure.web.client.MockRestServiceServerResetTestExecutionListener@2fbf9595, org.springframework.boot.test.autoconfigure.web.servlet.MockMvcPrintOnlyOnFailureTestExecutionListener@9f43851, org.springframework.boot.test.autoconfigure.web.servlet.WebDriverTestExecutionListener@736e86d, org.springframework.boot.test.mock.mockito.ResetMocksTestExecutionListener@38f35760]

  .   ____          _            __ _ _
 /\\ / ___'_ __ _ _(_)_ __  __ _ \ \ \ \
( ( )\___ | '_ | '_| | '_ \/ _` | \ \ \ \
 \\/  ___)| |_)| | | | | || (_| |  ) ) ) )
  '  |____| .__|_| |_|_| |_\__, | / / / /
 =========|_|==============|___/=/_/_/_/
 :: Spring Boot ::        (v2.1.9.RELEASE)

2020-06-17 16:53:52.069  INFO 19288 --- [    Test worker] c.a.springboot.web.IndexControllerTest   : Starting IndexControllerTest on DESKTOP-RP9UV2G with PID 19288 (started by heung in D:\boot_aws_work\aws-sprintboot-prj)
2020-06-17 16:53:52.070  INFO 19288 --- [    Test worker] c.a.springboot.web.IndexControllerTest   : No active profile set, falling back to default profiles: default
2020-06-17 16:53:52.262  INFO 19288 --- [    Test worker] .s.d.r.c.RepositoryConfigurationDelegate : Bootstrapping Spring Data repositories in DEFAULT mode.
2020-06-17 16:53:52.282  INFO 19288 --- [    Test worker] .s.d.r.c.RepositoryConfigurationDelegate : Finished Spring Data repository scanning in 19ms. Found 2 repository interfaces.
2020-06-17 16:53:52.376  INFO 19288 --- [    Test worker] trationDelegate$BeanPostProcessorChecker : Bean 'org.springframework.transaction.annotation.ProxyTransactionManagementConfiguration' of type [org.springframework.transaction.annotation.ProxyTransactionManagementConfiguration$$EnhancerBySpringCGLIB$$e76d7c3b] is not eligible for getting processed by all BeanPostProcessors (for example: not eligible for auto-proxying)
2020-06-17 16:53:52.654  INFO 19288 --- [    Test worker] o.s.b.w.embedded.tomcat.TomcatWebServer  : Tomcat initialized with port(s): 0 (http)
2020-06-17 16:53:52.679  INFO 19288 --- [    Test worker] o.apache.catalina.core.StandardService   : Starting service [Tomcat]
2020-06-17 16:53:52.680  INFO 19288 --- [    Test worker] org.apache.catalina.core.StandardEngine  : Starting Servlet engine: [Apache Tomcat/9.0.26]
2020-06-17 16:53:52.884  INFO 19288 --- [    Test worker] o.a.c.c.C.[Tomcat].[localhost].[/]       : Initializing Spring embedded WebApplicationContext
2020-06-17 16:53:52.885  INFO 19288 --- [    Test worker] o.s.web.context.ContextLoader            : Root WebApplicationContext: initialization completed in 813 ms
2020-06-17 16:53:53.119  INFO 19288 --- [    Test worker] com.zaxxer.hikari.HikariDataSource       : HikariPool-2 - Starting...
2020-06-17 16:53:53.120  INFO 19288 --- [    Test worker] com.zaxxer.hikari.HikariDataSource       : HikariPool-2 - Start completed.
2020-06-17 16:53:53.157  INFO 19288 --- [    Test worker] o.hibernate.jpa.internal.util.LogHelper  : HHH000204: Processing PersistenceUnitInfo [
	name: default
	...]
2020-06-17 16:53:53.166  INFO 19288 --- [    Test worker] org.hibernate.dialect.Dialect            : HHH000400: Using dialect: org.hibernate.dialect.MySQL5InnoDBDialect
Hibernate: drop table if exists posts
Hibernate: drop table if exists user
Hibernate: create table posts (id bigint not null auto_increment, created_date datetime, modified_date datetime, author varchar(255), content TEXT not null, title varchar(500) not null, primary key (id)) engine=InnoDB
Hibernate: create table user (id bigint not null auto_increment, email varchar(255) not null, name varchar(255) not null, picture varchar(255), role varchar(255) not null, primary key (id)) engine=InnoDB
2020-06-17 16:53:53.234  INFO 19288 --- [    Test worker] o.h.t.schema.internal.SchemaCreatorImpl  : HHH000476: Executing import script 'org.hibernate.tool.schema.internal.exec.ScriptSourceInputNonExistentImpl@5d99853d'
2020-06-17 16:53:53.234  INFO 19288 --- [    Test worker] j.LocalContainerEntityManagerFactoryBean : Initialized JPA EntityManagerFactory for persistence unit 'default'
2020-06-17 16:53:53.565  INFO 19288 --- [    Test worker] o.h.h.i.QueryTranslatorFactoryInitiator  : HHH000397: Using ASTQueryTranslatorFactory
2020-06-17 16:53:53.722  INFO 19288 --- [    Test worker] o.s.s.web.DefaultSecurityFilterChain     : Creating filter chain: any request, [org.springframework.security.web.context.request.async.WebAsyncManagerIntegrationFilter@7e2430cd, org.springframework.security.web.context.SecurityContextPersistenceFilter@1812527f, org.springframework.security.web.header.HeaderWriterFilter@6d4275e4, org.springframework.security.web.authentication.logout.LogoutFilter@7ba9b73d, org.springframework.security.oauth2.client.web.OAuth2AuthorizationRequestRedirectFilter@6f96c3fe, org.springframework.security.oauth2.client.web.OAuth2LoginAuthenticationFilter@5ac12c31, org.springframework.security.web.authentication.ui.DefaultLoginPageGeneratingFilter@712282cc, org.springframework.security.web.authentication.ui.DefaultLogoutPageGeneratingFilter@28ac27d9, org.springframework.security.web.savedrequest.RequestCacheAwareFilter@63c25ffa, org.springframework.security.web.servletapi.SecurityContextHolderAwareRequestFilter@1dd1fb33, org.springframework.security.web.authentication.AnonymousAuthenticationFilter@71fc9801, org.springframework.security.web.session.SessionManagementFilter@5f366520, org.springframework.security.web.access.ExceptionTranslationFilter@6a822532, org.springframework.security.web.access.intercept.FilterSecurityInterceptor@56a6686]
2020-06-17 16:53:53.928  INFO 19288 --- [    Test worker] o.s.s.concurrent.ThreadPoolTaskExecutor  : Initializing ExecutorService 'applicationTaskExecutor'
2020-06-17 16:53:53.942  WARN 19288 --- [    Test worker] aWebConfiguration$JpaWebMvcConfiguration : spring.jpa.open-in-view is enabled by default. Therefore, database queries may be performed during view rendering. Explicitly configure spring.jpa.open-in-view to disable this warning
2020-06-17 16:53:53.971  INFO 19288 --- [    Test worker] o.s.b.a.w.s.WelcomePageHandlerMapping    : Adding welcome page template: index
2020-06-17 16:53:54.262  INFO 19288 --- [    Test worker] s.a.ScheduledAnnotationBeanPostProcessor : No TaskScheduler/ScheduledExecutorService bean found for scheduled processing
2020-06-17 16:53:54.286  INFO 19288 --- [    Test worker] o.s.b.w.embedded.tomcat.TomcatWebServer  : Tomcat started on port(s): 9463 (http) with context path ''
2020-06-17 16:53:54.287  INFO 19288 --- [    Test worker] c.a.springboot.web.IndexControllerTest   : Started IndexControllerTest in 2.251 seconds (JVM running for 11.038)
2020-06-17 16:53:54.383  INFO 19288 --- [o-auto-1-exec-1] o.a.c.c.C.[Tomcat].[localhost].[/]       : Initializing Spring DispatcherServlet 'dispatcherServlet'
2020-06-17 16:53:54.384  INFO 19288 --- [o-auto-1-exec-1] o.s.web.servlet.DispatcherServlet        : Initializing Servlet 'dispatcherServlet'
2020-06-17 16:53:54.404  INFO 19288 --- [o-auto-1-exec-1] o.s.web.servlet.DispatcherServlet        : Completed initialization in 20 ms
Hibernate: select posts0_.id as id1_0_, posts0_.created_date as created_2_0_, posts0_.modified_date as modified3_0_, posts0_.author as author4_0_, posts0_.content as content5_0_, posts0_.title as title6_0_ from posts posts0_ order by posts0_.id DESC
]]></system-out>
  <system-err><![CDATA[]]></system-err>
</testsuite>
