<?xml version="1.0" encoding="UTF-8"?>
<testsuite name="com.awsBoot.springboot.web.PostsApiControllerTest" tests="1" skipped="0" failures="0" errors="0" timestamp="2020-06-16T07:55:29" hostname="DESKTOP-RP9UV2G" time="0.682">
  <properties/>
  <testcase name="Posts_수정된다" classname="com.awsBoot.springboot.web.PostsApiControllerTest" time="0.682"/>
  <system-out><![CDATA[16:55:23.812 [Test worker] DEBUG org.springframework.test.context.junit4.SpringJUnit4ClassRunner - SpringJUnit4ClassRunner constructor called with [class com.awsBoot.springboot.web.PostsApiControllerTest]
16:55:23.823 [Test worker] DEBUG org.springframework.test.context.BootstrapUtils - Instantiating CacheAwareContextLoaderDelegate from class [org.springframework.test.context.cache.DefaultCacheAwareContextLoaderDelegate]
16:55:23.835 [Test worker] DEBUG org.springframework.test.context.BootstrapUtils - Instantiating BootstrapContext using constructor [public org.springframework.test.context.support.DefaultBootstrapContext(java.lang.Class,org.springframework.test.context.CacheAwareContextLoaderDelegate)]
16:55:23.862 [Test worker] DEBUG org.springframework.test.context.BootstrapUtils - Instantiating TestContextBootstrapper for test class [com.awsBoot.springboot.web.PostsApiControllerTest] from class [org.springframework.boot.test.context.SpringBootTestContextBootstrapper]
16:55:23.875 [Test worker] INFO org.springframework.boot.test.context.SpringBootTestContextBootstrapper - Neither @ContextConfiguration nor @ContextHierarchy found for test class [com.awsBoot.springboot.web.PostsApiControllerTest], using SpringBootContextLoader
16:55:23.879 [Test worker] DEBUG org.springframework.test.context.support.AbstractContextLoader - Did not detect default resource location for test class [com.awsBoot.springboot.web.PostsApiControllerTest]: class path resource [com/awsBoot/springboot/web/PostsApiControllerTest-context.xml] does not exist
16:55:23.879 [Test worker] DEBUG org.springframework.test.context.support.AbstractContextLoader - Did not detect default resource location for test class [com.awsBoot.springboot.web.PostsApiControllerTest]: class path resource [com/awsBoot/springboot/web/PostsApiControllerTestContext.groovy] does not exist
16:55:23.879 [Test worker] INFO org.springframework.test.context.support.AbstractContextLoader - Could not detect default resource locations for test class [com.awsBoot.springboot.web.PostsApiControllerTest]: no resource found for suffixes {-context.xml, Context.groovy}.
16:55:23.880 [Test worker] INFO org.springframework.test.context.support.AnnotationConfigContextLoaderUtils - Could not detect default configuration classes for test class [com.awsBoot.springboot.web.PostsApiControllerTest]: PostsApiControllerTest does not declare any static, non-private, non-final, nested classes annotated with @Configuration.
16:55:23.923 [Test worker] DEBUG org.springframework.test.context.support.ActiveProfilesUtils - Could not find an 'annotation declaring class' for annotation type [org.springframework.test.context.ActiveProfiles] and class [com.awsBoot.springboot.web.PostsApiControllerTest]
16:55:24.016 [Test worker] DEBUG org.springframework.context.annotation.ClassPathScanningCandidateComponentProvider - Identified candidate component class: file [D:\boot_aws_work\aws-sprintboot-prj\build\classes\java\main\com\awsBoot\springboot\Application.class]
16:55:24.017 [Test worker] INFO org.springframework.boot.test.context.SpringBootTestContextBootstrapper - Found @SpringBootConfiguration com.awsBoot.springboot.Application for test class com.awsBoot.springboot.web.PostsApiControllerTest
16:55:24.113 [Test worker] DEBUG org.springframework.boot.test.context.SpringBootTestContextBootstrapper - @TestExecutionListeners is not present for class [com.awsBoot.springboot.web.PostsApiControllerTest]: using defaults.
16:55:24.114 [Test worker] INFO org.springframework.boot.test.context.SpringBootTestContextBootstrapper - Loaded default TestExecutionListener class names from location [META-INF/spring.factories]: [org.springframework.boot.test.autoconfigure.restdocs.RestDocsTestExecutionListener, org.springframework.boot.test.autoconfigure.web.client.MockRestServiceServerResetTestExecutionListener, org.springframework.boot.test.autoconfigure.web.servlet.MockMvcPrintOnlyOnFailureTestExecutionListener, org.springframework.boot.test.autoconfigure.web.servlet.WebDriverTestExecutionListener, org.springframework.boot.test.mock.mockito.MockitoTestExecutionListener, org.springframework.boot.test.mock.mockito.ResetMocksTestExecutionListener, org.springframework.test.context.web.ServletTestExecutionListener, org.springframework.test.context.support.DirtiesContextBeforeModesTestExecutionListener, org.springframework.test.context.support.DependencyInjectionTestExecutionListener, org.springframework.test.context.support.DirtiesContextTestExecutionListener, org.springframework.test.context.transaction.TransactionalTestExecutionListener, org.springframework.test.context.jdbc.SqlScriptsTestExecutionListener]
16:55:24.131 [Test worker] INFO org.springframework.boot.test.context.SpringBootTestContextBootstrapper - Using TestExecutionListeners: [org.springframework.test.context.web.ServletTestExecutionListener@68ce2685, org.springframework.test.context.support.DirtiesContextBeforeModesTestExecutionListener@2b8c4082, org.springframework.boot.test.mock.mockito.MockitoTestExecutionListener@23eb1525, org.springframework.boot.test.autoconfigure.SpringBootDependencyInjectionTestExecutionListener@631df8f9, org.springframework.test.context.support.DirtiesContextTestExecutionListener@7afe0011, org.springframework.test.context.transaction.TransactionalTestExecutionListener@33bfd79c, org.springframework.test.context.jdbc.SqlScriptsTestExecutionListener@4806bef3, org.springframework.boot.test.autoconfigure.restdocs.RestDocsTestExecutionListener@44505d3a, org.springframework.boot.test.autoconfigure.web.client.MockRestServiceServerResetTestExecutionListener@4e243329, org.springframework.boot.test.autoconfigure.web.servlet.MockMvcPrintOnlyOnFailureTestExecutionListener@36a0e46, org.springframework.boot.test.autoconfigure.web.servlet.WebDriverTestExecutionListener@7ee6d9fe, org.springframework.boot.test.mock.mockito.ResetMocksTestExecutionListener@3819e295]
16:55:24.134 [Test worker] DEBUG org.springframework.test.annotation.ProfileValueUtils - Retrieved @ProfileValueSourceConfiguration [null] for test class [com.awsBoot.springboot.web.PostsApiControllerTest]
16:55:24.134 [Test worker] DEBUG org.springframework.test.annotation.ProfileValueUtils - Retrieved ProfileValueSource type [class org.springframework.test.annotation.SystemProfileValueSource] for class [com.awsBoot.springboot.web.PostsApiControllerTest]
16:55:24.137 [Test worker] DEBUG org.springframework.test.annotation.ProfileValueUtils - Retrieved @ProfileValueSourceConfiguration [null] for test class [com.awsBoot.springboot.web.PostsApiControllerTest]
16:55:24.137 [Test worker] DEBUG org.springframework.test.annotation.ProfileValueUtils - Retrieved ProfileValueSource type [class org.springframework.test.annotation.SystemProfileValueSource] for class [com.awsBoot.springboot.web.PostsApiControllerTest]
16:55:24.138 [Test worker] DEBUG org.springframework.test.annotation.ProfileValueUtils - Retrieved @ProfileValueSourceConfiguration [null] for test class [com.awsBoot.springboot.web.PostsApiControllerTest]
16:55:24.138 [Test worker] DEBUG org.springframework.test.annotation.ProfileValueUtils - Retrieved ProfileValueSource type [class org.springframework.test.annotation.SystemProfileValueSource] for class [com.awsBoot.springboot.web.PostsApiControllerTest]
16:55:24.141 [Test worker] DEBUG org.springframework.test.context.support.AbstractDirtiesContextTestExecutionListener - Before test class: context [DefaultTestContext@2eaeea3 testClass = PostsApiControllerTest, testInstance = [null], testMethod = [null], testException = [null], mergedContextConfiguration = [WebMergedContextConfiguration@64122a88 testClass = PostsApiControllerTest, locations = '{}', classes = '{class com.awsBoot.springboot.Application}', contextInitializerClasses = '[]', activeProfiles = '{}', propertySourceLocations = '{}', propertySourceProperties = '{org.springframework.boot.test.context.SpringBootTestContextBootstrapper=true, server.port=0}', contextCustomizers = set[org.springframework.boot.test.autoconfigure.properties.PropertyMappingContextCustomizer@0, org.springframework.boot.test.autoconfigure.web.servlet.WebDriverContextCustomizerFactory$Customizer@23d65920, org.springframework.boot.test.context.filter.ExcludeFilterContextCustomizer@5a2e63ad, org.springframework.boot.test.json.DuplicateJsonObjectContextCustomizerFactory$DuplicateJsonObjectContextCustomizer@1da4f586, org.springframework.boot.test.mock.mockito.MockitoContextCustomizer@0, org.springframework.boot.test.web.client.TestRestTemplateContextCustomizer@53377e3f], resourceBasePath = 'src/main/webapp', contextLoader = 'org.springframework.boot.test.context.SpringBootContextLoader', parent = [null]], attributes = map['org.springframework.test.context.web.ServletTestExecutionListener.activateListener' -> false]], class annotated with @DirtiesContext [false] with mode [null].
16:55:24.142 [Test worker] DEBUG org.springframework.test.annotation.ProfileValueUtils - Retrieved @ProfileValueSourceConfiguration [null] for test class [com.awsBoot.springboot.web.PostsApiControllerTest]
16:55:24.142 [Test worker] DEBUG org.springframework.test.annotation.ProfileValueUtils - Retrieved ProfileValueSource type [class org.springframework.test.annotation.SystemProfileValueSource] for class [com.awsBoot.springboot.web.PostsApiControllerTest]
16:55:24.146 [Test worker] DEBUG org.springframework.test.context.support.DependencyInjectionTestExecutionListener - Performing dependency injection for test context [[DefaultTestContext@2eaeea3 testClass = PostsApiControllerTest, testInstance = com.awsBoot.springboot.web.PostsApiControllerTest@4780548e, testMethod = [null], testException = [null], mergedContextConfiguration = [WebMergedContextConfiguration@64122a88 testClass = PostsApiControllerTest, locations = '{}', classes = '{class com.awsBoot.springboot.Application}', contextInitializerClasses = '[]', activeProfiles = '{}', propertySourceLocations = '{}', propertySourceProperties = '{org.springframework.boot.test.context.SpringBootTestContextBootstrapper=true, server.port=0}', contextCustomizers = set[org.springframework.boot.test.autoconfigure.properties.PropertyMappingContextCustomizer@0, org.springframework.boot.test.autoconfigure.web.servlet.WebDriverContextCustomizerFactory$Customizer@23d65920, org.springframework.boot.test.context.filter.ExcludeFilterContextCustomizer@5a2e63ad, org.springframework.boot.test.json.DuplicateJsonObjectContextCustomizerFactory$DuplicateJsonObjectContextCustomizer@1da4f586, org.springframework.boot.test.mock.mockito.MockitoContextCustomizer@0, org.springframework.boot.test.web.client.TestRestTemplateContextCustomizer@53377e3f], resourceBasePath = 'src/main/webapp', contextLoader = 'org.springframework.boot.test.context.SpringBootContextLoader', parent = [null]], attributes = map['org.springframework.test.context.web.ServletTestExecutionListener.activateListener' -> false]]].
16:55:24.162 [Test worker] DEBUG org.springframework.test.context.support.TestPropertySourceUtils - Adding inlined properties to environment: {spring.jmx.enabled=false, org.springframework.boot.test.context.SpringBootTestContextBootstrapper=true, server.port=0}

  .   ____          _            __ _ _
 /\\ / ___'_ __ _ _(_)_ __  __ _ \ \ \ \
( ( )\___ | '_ | '_| | '_ \/ _` | \ \ \ \
 \\/  ___)| |_)| | | | | || (_| |  ) ) ) )
  '  |____| .__|_| |_|_| |_\__, | / / / /
 =========|_|==============|___/=/_/_/_/
 :: Spring Boot ::        (v2.1.9.RELEASE)

2020-06-16 16:55:24.408  INFO 26144 --- [    Test worker] c.a.s.web.PostsApiControllerTest         : Starting PostsApiControllerTest on DESKTOP-RP9UV2G with PID 26144 (started by heung in D:\boot_aws_work\aws-sprintboot-prj)
2020-06-16 16:55:24.410  INFO 26144 --- [    Test worker] c.a.s.web.PostsApiControllerTest         : No active profile set, falling back to default profiles: default
2020-06-16 16:55:25.089  INFO 26144 --- [    Test worker] .s.d.r.c.RepositoryConfigurationDelegate : Bootstrapping Spring Data repositories in DEFAULT mode.
2020-06-16 16:55:25.164  INFO 26144 --- [    Test worker] .s.d.r.c.RepositoryConfigurationDelegate : Finished Spring Data repository scanning in 63ms. Found 1 repository interfaces.
2020-06-16 16:55:25.537  INFO 26144 --- [    Test worker] trationDelegate$BeanPostProcessorChecker : Bean 'org.springframework.transaction.annotation.ProxyTransactionManagementConfiguration' of type [org.springframework.transaction.annotation.ProxyTransactionManagementConfiguration$$EnhancerBySpringCGLIB$$3c386b34] is not eligible for getting processed by all BeanPostProcessors (for example: not eligible for auto-proxying)
2020-06-16 16:55:25.968  INFO 26144 --- [    Test worker] o.s.b.w.embedded.tomcat.TomcatWebServer  : Tomcat initialized with port(s): 0 (http)
2020-06-16 16:55:25.998  INFO 26144 --- [    Test worker] o.apache.catalina.core.StandardService   : Starting service [Tomcat]
2020-06-16 16:55:25.998  INFO 26144 --- [    Test worker] org.apache.catalina.core.StandardEngine  : Starting Servlet engine: [Apache Tomcat/9.0.26]
2020-06-16 16:55:26.146  INFO 26144 --- [    Test worker] o.a.c.c.C.[Tomcat].[localhost].[/]       : Initializing Spring embedded WebApplicationContext
2020-06-16 16:55:26.146  INFO 26144 --- [    Test worker] o.s.web.context.ContextLoader            : Root WebApplicationContext: initialization completed in 1714 ms
2020-06-16 16:55:26.391  INFO 26144 --- [    Test worker] com.zaxxer.hikari.HikariDataSource       : HikariPool-1 - Starting...
2020-06-16 16:55:26.567  INFO 26144 --- [    Test worker] com.zaxxer.hikari.HikariDataSource       : HikariPool-1 - Start completed.
2020-06-16 16:55:26.671  INFO 26144 --- [    Test worker] o.hibernate.jpa.internal.util.LogHelper  : HHH000204: Processing PersistenceUnitInfo [
	name: default
	...]
2020-06-16 16:55:26.757  INFO 26144 --- [    Test worker] org.hibernate.Version                    : HHH000412: Hibernate Core {5.3.12.Final}
2020-06-16 16:55:26.759  INFO 26144 --- [    Test worker] org.hibernate.cfg.Environment            : HHH000206: hibernate.properties not found
2020-06-16 16:55:26.928  INFO 26144 --- [    Test worker] o.hibernate.annotations.common.Version   : HCANN000001: Hibernate Commons Annotations {5.0.4.Final}
2020-06-16 16:55:27.091  INFO 26144 --- [    Test worker] org.hibernate.dialect.Dialect            : HHH000400: Using dialect: org.hibernate.dialect.MySQL5InnoDBDialect
Hibernate: drop table if exists posts
Hibernate: create table posts (id bigint not null auto_increment, author varchar(255), content TEXT not null, title varchar(500) not null, primary key (id)) engine=InnoDB
2020-06-16 16:55:27.690  INFO 26144 --- [    Test worker] o.h.t.schema.internal.SchemaCreatorImpl  : HHH000476: Executing import script 'org.hibernate.tool.schema.internal.exec.ScriptSourceInputNonExistentImpl@5cfacb1'
2020-06-16 16:55:27.694  INFO 26144 --- [    Test worker] j.LocalContainerEntityManagerFactoryBean : Initialized JPA EntityManagerFactory for persistence unit 'default'
2020-06-16 16:55:28.462  INFO 26144 --- [    Test worker] o.s.s.concurrent.ThreadPoolTaskExecutor  : Initializing ExecutorService 'applicationTaskExecutor'
2020-06-16 16:55:28.530  WARN 26144 --- [    Test worker] aWebConfiguration$JpaWebMvcConfiguration : spring.jpa.open-in-view is enabled by default. Therefore, database queries may be performed during view rendering. Explicitly configure spring.jpa.open-in-view to disable this warning
2020-06-16 16:55:29.162  INFO 26144 --- [    Test worker] o.s.b.w.embedded.tomcat.TomcatWebServer  : Tomcat started on port(s): 1602 (http) with context path ''
2020-06-16 16:55:29.164  INFO 26144 --- [    Test worker] c.a.s.web.PostsApiControllerTest         : Started PostsApiControllerTest in 5.0 seconds (JVM running for 6.246)
Hibernate: insert into posts (author, content, title) values (?, ?, ?)
2020-06-16 16:55:29.483  INFO 26144 --- [o-auto-1-exec-1] o.a.c.c.C.[Tomcat].[localhost].[/]       : Initializing Spring DispatcherServlet 'dispatcherServlet'
2020-06-16 16:55:29.483  INFO 26144 --- [o-auto-1-exec-1] o.s.web.servlet.DispatcherServlet        : Initializing Servlet 'dispatcherServlet'
2020-06-16 16:55:29.517  INFO 26144 --- [o-auto-1-exec-1] o.s.web.servlet.DispatcherServlet        : Completed initialization in 34 ms
Hibernate: select posts0_.id as id1_0_0_, posts0_.author as author2_0_0_, posts0_.content as content3_0_0_, posts0_.title as title4_0_0_ from posts posts0_ where posts0_.id=?
Hibernate: update posts set author=?, content=?, title=? where id=?
2020-06-16 16:55:29.737  INFO 26144 --- [    Test worker] o.h.h.i.QueryTranslatorFactoryInitiator  : HHH000397: Using ASTQueryTranslatorFactory
Hibernate: select posts0_.id as id1_0_, posts0_.author as author2_0_, posts0_.content as content3_0_, posts0_.title as title4_0_ from posts posts0_
Hibernate: select posts0_.id as id1_0_, posts0_.author as author2_0_, posts0_.content as content3_0_, posts0_.title as title4_0_ from posts posts0_
Hibernate: delete from posts where id=?
]]></system-out>
  <system-err><![CDATA[]]></system-err>
</testsuite>
