<?xml version="1.0" encoding="UTF-8"?>
<testsuite name="com.awsBoot.springboot.web.PostsApiControllerTest" tests="2" skipped="0" failures="0" errors="0" timestamp="2020-06-17T07:53:54" hostname="DESKTOP-RP9UV2G" time="0.105">
  <properties/>
  <testcase name="Posts_등록된다" classname="com.awsBoot.springboot.web.PostsApiControllerTest" time="0.07"/>
  <testcase name="Posts_수정된다" classname="com.awsBoot.springboot.web.PostsApiControllerTest" time="0.034"/>
  <system-out><![CDATA[2020-06-17 16:53:54.494  INFO 19288 --- [    Test worker] .b.t.c.SpringBootTestContextBootstrapper : Neither @ContextConfiguration nor @ContextHierarchy found for test class [com.awsBoot.springboot.web.PostsApiControllerTest], using SpringBootContextLoader
2020-06-17 16:53:54.495  INFO 19288 --- [    Test worker] o.s.t.c.support.AbstractContextLoader    : Could not detect default resource locations for test class [com.awsBoot.springboot.web.PostsApiControllerTest]: no resource found for suffixes {-context.xml, Context.groovy}.
2020-06-17 16:53:54.495  INFO 19288 --- [    Test worker] t.c.s.AnnotationConfigContextLoaderUtils : Could not detect default configuration classes for test class [com.awsBoot.springboot.web.PostsApiControllerTest]: PostsApiControllerTest does not declare any static, non-private, non-final, nested classes annotated with @Configuration.
2020-06-17 16:53:54.497  INFO 19288 --- [    Test worker] .b.t.c.SpringBootTestContextBootstrapper : Found @SpringBootConfiguration com.awsBoot.springboot.Application for test class com.awsBoot.springboot.web.PostsApiControllerTest
2020-06-17 16:53:54.499  INFO 19288 --- [    Test worker] .b.t.c.SpringBootTestContextBootstrapper : Loaded default TestExecutionListener class names from location [META-INF/spring.factories]: [org.springframework.security.test.context.support.WithSecurityContextTestExecutionListener, org.springframework.security.test.context.support.ReactorContextTestExecutionListener, org.springframework.boot.test.autoconfigure.restdocs.RestDocsTestExecutionListener, org.springframework.boot.test.autoconfigure.web.client.MockRestServiceServerResetTestExecutionListener, org.springframework.boot.test.autoconfigure.web.servlet.MockMvcPrintOnlyOnFailureTestExecutionListener, org.springframework.boot.test.autoconfigure.web.servlet.WebDriverTestExecutionListener, org.springframework.boot.test.mock.mockito.MockitoTestExecutionListener, org.springframework.boot.test.mock.mockito.ResetMocksTestExecutionListener, org.springframework.test.context.web.ServletTestExecutionListener, org.springframework.test.context.support.DirtiesContextBeforeModesTestExecutionListener, org.springframework.test.context.support.DependencyInjectionTestExecutionListener, org.springframework.test.context.support.DirtiesContextTestExecutionListener, org.springframework.test.context.transaction.TransactionalTestExecutionListener, org.springframework.test.context.jdbc.SqlScriptsTestExecutionListener]
2020-06-17 16:53:54.500  INFO 19288 --- [    Test worker] .b.t.c.SpringBootTestContextBootstrapper : Using TestExecutionListeners: [org.springframework.test.context.web.ServletTestExecutionListener@32df5508, org.springframework.test.context.support.DirtiesContextBeforeModesTestExecutionListener@d86c736, org.springframework.boot.test.mock.mockito.MockitoTestExecutionListener@297557e5, org.springframework.boot.test.autoconfigure.SpringBootDependencyInjectionTestExecutionListener@3cd81a0f, org.springframework.test.context.support.DirtiesContextTestExecutionListener@74e77f89, org.springframework.test.context.transaction.TransactionalTestExecutionListener@4fe3b954, org.springframework.test.context.jdbc.SqlScriptsTestExecutionListener@4c2a1532, org.springframework.security.test.context.support.WithSecurityContextTestExecutionListener@30de66da, org.springframework.security.test.context.support.ReactorContextTestExecutionListener@7f8a4c7f, org.springframework.boot.test.autoconfigure.restdocs.RestDocsTestExecutionListener@2d7173c3, org.springframework.boot.test.autoconfigure.web.client.MockRestServiceServerResetTestExecutionListener@316e60da, org.springframework.boot.test.autoconfigure.web.servlet.MockMvcPrintOnlyOnFailureTestExecutionListener@7245389b, org.springframework.boot.test.autoconfigure.web.servlet.WebDriverTestExecutionListener@5f817b18, org.springframework.boot.test.mock.mockito.ResetMocksTestExecutionListener@7948e440]
2020-06-17 16:53:54.509  INFO 19288 --- [    Test worker] o.a.c.c.C.[Tomcat].[localhost].[/]       : Initializing Spring TestDispatcherServlet ''
2020-06-17 16:53:54.509  INFO 19288 --- [    Test worker] o.s.t.web.servlet.TestDispatcherServlet  : Initializing Servlet ''
2020-06-17 16:53:54.512  INFO 19288 --- [    Test worker] o.s.t.web.servlet.TestDispatcherServlet  : Completed initialization in 3 ms
Hibernate: insert into posts (created_date, modified_date, author, content, title) values (?, ?, ?, ?, ?)
Hibernate: select posts0_.id as id1_0_, posts0_.created_date as created_2_0_, posts0_.modified_date as modified3_0_, posts0_.author as author4_0_, posts0_.content as content5_0_, posts0_.title as title6_0_ from posts posts0_
Hibernate: select posts0_.id as id1_0_, posts0_.created_date as created_2_0_, posts0_.modified_date as modified3_0_, posts0_.author as author4_0_, posts0_.content as content5_0_, posts0_.title as title6_0_ from posts posts0_
Hibernate: delete from posts where id=?
2020-06-17 16:53:54.576  INFO 19288 --- [    Test worker] o.a.c.c.C.[Tomcat].[localhost].[/]       : Initializing Spring TestDispatcherServlet ''
2020-06-17 16:53:54.577  INFO 19288 --- [    Test worker] o.s.t.web.servlet.TestDispatcherServlet  : Initializing Servlet ''
2020-06-17 16:53:54.580  INFO 19288 --- [    Test worker] o.s.t.web.servlet.TestDispatcherServlet  : Completed initialization in 3 ms
Hibernate: insert into posts (created_date, modified_date, author, content, title) values (?, ?, ?, ?, ?)
Hibernate: select posts0_.id as id1_0_0_, posts0_.created_date as created_2_0_0_, posts0_.modified_date as modified3_0_0_, posts0_.author as author4_0_0_, posts0_.content as content5_0_0_, posts0_.title as title6_0_0_ from posts posts0_ where posts0_.id=?
Hibernate: update posts set created_date=?, modified_date=?, author=?, content=?, title=? where id=?
Hibernate: select posts0_.id as id1_0_, posts0_.created_date as created_2_0_, posts0_.modified_date as modified3_0_, posts0_.author as author4_0_, posts0_.content as content5_0_, posts0_.title as title6_0_ from posts posts0_
Hibernate: select posts0_.id as id1_0_, posts0_.created_date as created_2_0_, posts0_.modified_date as modified3_0_, posts0_.author as author4_0_, posts0_.content as content5_0_, posts0_.title as title6_0_ from posts posts0_
Hibernate: delete from posts where id=?
]]></system-out>
  <system-err><![CDATA[]]></system-err>
</testsuite>
